<?xml version="1.0" encoding="UTF-8"?>
<!-- Generated by org.testng.reporters.JUnitReportReporter -->
<testsuite skipped="0" hostname="DESKTOP-6EFRNIN" name="com.la.TestRunner.TestRunner" tests="1" failures="0" timestamp="17 Dec 2019 08:13:13 GMT" time="0.016" errors="0">
  <testcase name="feature" time="0.016" classname="com.la.TestRunner.TestRunner"/>
</testsuite> <!-- com.la.TestRunner.TestRunner -->
