<?xml version="1.0" encoding="UTF-8"?>
<!-- Generated by org.testng.reporters.JUnitReportReporter -->
<testsuite hostname="DESKTOP-6EFRNIN" name="com.la.TestRunner.TestRunner" tests="1" failures="0" timestamp="22 Nov 2019 10:14:39 GMT" time="14.840" errors="0">
  <testcase name="feature" time="14.840" classname="com.la.TestRunner.TestRunner"/>
</testsuite> <!-- com.la.TestRunner.TestRunner -->
